0 info it worked if it ends with ok
1 verbose cli [ '/usr/bin/node', '/usr/bin/npm', 'publish' ]
2 info using npm@2.11.3
3 info using node@v0.12.7
4 verbose publish [ '.' ]
5 silly cache add args [ '.', null ]
6 verbose cache add spec .
7 silly cache add parsed spec { raw: '.',
7 silly cache add   scope: null,
7 silly cache add   name: null,
7 silly cache add   rawSpec: '.',
7 silly cache add   spec: '/home/sean/Projects/lctvbot_module',
7 silly cache add   type: 'directory' }
8 verbose addLocalDirectory /home/sean/.npm/lctvbot/0.0.1/package.tgz not in flight; packing
9 verbose tar pack [ '/home/sean/.npm/lctvbot/0.0.1/package.tgz',
9 verbose tar pack   '/home/sean/Projects/lctvbot_module' ]
10 verbose tarball /home/sean/.npm/lctvbot/0.0.1/package.tgz
11 verbose folder /home/sean/Projects/lctvbot_module
12 info prepublish lctvbot@0.0.1
13 verbose addLocalTarball adding from inside cache /home/sean/.npm/lctvbot/0.0.1/package.tgz
14 silly cache afterAdd lctvbot@0.0.1
15 verbose afterAdd /home/sean/.npm/lctvbot/0.0.1/package/package.json not in flight; writing
16 verbose afterAdd /home/sean/.npm/lctvbot/0.0.1/package/package.json written
17 silly publish { name: 'lctvbot',
17 silly publish   version: '0.0.1',
17 silly publish   description: 'XMPP based bot system for livecoding.tv',
17 silly publish   main: 'lctvbot.js',
17 silly publish   dependencies:
17 silly publish    { async: '^0.2.10',
17 silly publish      debug: '^2.2.0',
17 silly publish      express: '^3.2.6',
17 silly publish      'node-xmpp-client': '^1.0.0-alpha23',
17 silly publish      'node-xmpp-core': '^1.0.0-alpha14',
17 silly publish      'socket.io': '^0.9.17' },
17 silly publish   devDependencies: {},
17 silly publish   scripts: { test: 'echo "Error: no test specified" && exit 1' },
17 silly publish   author: { name: 'Sean Burke', email: 'sean111@gmail.com' },
17 silly publish   license: 'MIT',
17 silly publish   bugs: { url: 'https://github.com/sean111/lctvbot/issues' },
17 silly publish   repository:
17 silly publish    { type: 'git',
17 silly publish      url: 'git+https://github.com/sean111/lctvbot.git' },
17 silly publish   readme: '#LCTV Bot\n\n##Setup\nCreate an oject that contains your nickname and passowrd and pass it to the module\n\nconfig.json\n```json\n{\n    "nickname": "test",\n    "password": "test"\n}\n```\n\nmain.js\n```js\nvar lctvbot = require( \'lctvbot\' );\nvar config = require( \'./config.json\' );\nvar bot = new lctvbot( config );\n```\n\n##Events\n###online\nThis event fire when the bot comes online, it get\'s passed the data variable\n```js\nbot.on( \'online\', function( data ) {\n    bot.join( \'channel\' );\n} );\n```\n\n###error\nFired when the xmpp-client throws and error\n```js\nbot.on( \'error\', function( e ) {\n    console.error( e );\n} );\n```\n\n###message\nThe raw message event, this is available for anyone who wants to parse the raw data.\n```js\nbot.on( \'message\', function( stanza ) {\n    console.log( stanza.toString() );\n} );\n```\n\n###msg\nEvent fired when a user sends a message\n```js\nbot.on( \'msg\', function( nickname, channel, message, stanza ) {\n    console.log( nickname + \'said \' + message + \' in \' + channel );\n} );\n```\n\n###presence\nThe raw even for presence\n```js\nbot.on( \'presence\', function( stanza ) {\n    console.log( stanza.toString() );\n} );\n```\n\n###join\nFired when a user join the chat. NOTE: This will fire when the bot joins  a channel for all current users\n```js\nbot.on( \'join\', function( channel, nickname, stanza ) {\n    console.log( [ channel, nickname, stanza.toString() ] );\n} );\n```\n\n###part\nFires when a user leaves the channel\n```js\nbot.on( \'part\', function( channel, nickname, stanza ) {\n    bot.message( channel, \'Goodbye\' + nickname + \'!\', \'groupchat\' );\n} );\n```\n\n##Functions\n###join\nMakes the bot join a channel. This can recieve a raw name from the stanza or just the channel name.\n```js\nbot.join( \'sean111\' );\nbot.join( \'sean111@chat.livecoding.tv\');\n```\n\n###getMessage\nGets the message from a message stanza\n```js\nvar message = bot.getMessage( stanza );\n```\n\n###message\nSends a message to the channel  ( LCTV doesn\'t currently support user messaging, "chat" type )\n```js\nbot.message( \'sean111\', \'Hello World!\', \'groupchat\' );\n```\n\n###getNickname\nGets the nickname from the stanza\n```js\nvar nickname = bot.getNickname( stanza );\n```\n\n###getChannel\nGets the channel from the stanza\n```js\nvar channel = bot.getChannel( stanza );\n```\n',
17 silly publish   readmeFilename: 'README.md',
17 silly publish   gitHead: 'a7ab10cd6b8bb51f5d15d075352d1133e6dcee50',
17 silly publish   homepage: 'https://github.com/sean111/lctvbot#readme',
17 silly publish   _id: 'lctvbot@0.0.1',
17 silly publish   _shasum: '94e0d5fedcc342e7b862dba4fedeaf673d188d69',
17 silly publish   _from: '.' }
18 verbose getPublishConfig undefined
19 silly mapToRegistry name lctvbot
20 silly mapToRegistry using default registry
21 silly mapToRegistry registry https://registry.npmjs.org/
22 silly mapToRegistry uri https://registry.npmjs.org/lctvbot
23 verbose publish registryBase https://registry.npmjs.org/
24 silly publish uploading /home/sean/.npm/lctvbot/0.0.1/package.tgz
25 verbose request uri https://registry.npmjs.org/lctvbot
26 verbose request sending authorization for write operation
27 info attempt registry request try #1 at 20:56:31
28 verbose request using bearer token for auth
29 verbose request id 23f90359fe5f1fb5
30 http request PUT https://registry.npmjs.org/lctvbot
31 http 403 https://registry.npmjs.org/lctvbot
32 verbose headers { 'content-type': 'application/json',
32 verbose headers   'cache-control': 'max-age=60',
32 verbose headers   'content-length': '95',
32 verbose headers   'accept-ranges': 'bytes',
32 verbose headers   date: 'Wed, 29 Jul 2015 00:56:32 GMT',
32 verbose headers   via: '1.1 varnish',
32 verbose headers   connection: 'keep-alive',
32 verbose headers   'x-served-by': 'cache-iad2140-IAD',
32 verbose headers   'x-cache': 'MISS',
32 verbose headers   'x-cache-hits': '0',
32 verbose headers   'x-timer': 'S1438131391.854111,VS0,VE661' }
33 verbose request invalidating /home/sean/.npm/registry.npmjs.org/lctvbot on PUT
34 error publish Failed PUT 403
35 verbose stack Error: "You cannot publish over the previously published version 0.0.1." : lctvbot
35 verbose stack     at CachingRegistryClient.<anonymous> (/usr/lib/node_modules/npm/node_modules/npm-registry-client/lib/request.js:247:14)
35 verbose stack     at Request._callback (/usr/lib/node_modules/npm/node_modules/npm-registry-client/lib/request.js:170:14)
35 verbose stack     at Request.self.callback (/usr/lib/node_modules/npm/node_modules/request/request.js:354:22)
35 verbose stack     at Request.emit (events.js:110:17)
35 verbose stack     at Request.<anonymous> (/usr/lib/node_modules/npm/node_modules/request/request.js:1207:14)
35 verbose stack     at Request.emit (events.js:129:20)
35 verbose stack     at IncomingMessage.<anonymous> (/usr/lib/node_modules/npm/node_modules/request/request.js:1153:12)
35 verbose stack     at IncomingMessage.emit (events.js:129:20)
35 verbose stack     at _stream_readable.js:908:16
35 verbose stack     at process._tickCallback (node.js:355:11)
36 verbose statusCode 403
37 verbose pkgid lctvbot
38 verbose cwd /home/sean/Projects/lctvbot_module
39 error Linux 3.16.0-38-generic
40 error argv "/usr/bin/node" "/usr/bin/npm" "publish"
41 error node v0.12.7
42 error npm  v2.11.3
43 error code E403
44 error "You cannot publish over the previously published version 0.0.1." : lctvbot
45 error If you need help, you may report this error at:
45 error     <https://github.com/npm/npm/issues>
46 verbose exit [ 1, true ]
